Killed
Stable Max Clock Rate: 1.8e+09
Killed
Stable Max Clock Rate: 1.8e+09
Killed
Stable Max Clock Rate: 1.8e+09
Stable Max Clock Rate: 1.8e+09
Stable Max Clock Rate: 1.8e+09
Stable Max Clock Rate: 1.8e+09
Stable Max Clock Rate: 1.8e+09
Killed
Killed
Killed

-------------------------------------------

[INFO] Starting Generation of Row Sets
0x7f47dc000000
Stable Max Clock Rate: 1.8e+09
307
0x7fef62000000
Stable Max Clock Rate: 1.8e+09
[INFO] Done. Row Sets are stored in 'results/row_sets'

-------------------------------------------

[INFO] Starting Generation of Row Sets
0x7fe994000000
Stable Max Clock Rate: 1.8e+09
308
0x7f5704000000
Stable Max Clock Rate: 1.8e+09
[INFO] Done. Row Sets are stored in 'results/row_sets'

-------------------------------------------

[INFO] Starting Generation of Row Sets
0x7f6ade000000
Stable Max Clock Rate: 1.8e+09
337
0x7f495c000000
Stable Max Clock Rate: 1.8e+09
[INFO] Done. Row Sets are stored in 'results/row_sets'
